🌩️  Storm Trigger — 2026-04-08 11:00:03
============================================================
🔍 Checking NWS alerts...
  Found 0 hail detections from NWS
🔍 Checking HailScore API...
  Found 0 hail detections from HailScore

✅ No qualifying hail events detected. All clear.
🌩️  Storm Trigger — 2026-04-08 11:30:01
============================================================
🔍 Checking NWS alerts...
  Found 0 hail detections from NWS
🔍 Checking HailScore API...
⚠️  HailScore API error: HTTPSConnectionPool(host='www.myhailscore.com', port=443): Read timed out. (read timeout=15)
  Found 0 hail detections from HailScore

✅ No qualifying hail events detected. All clear.
🌩️  Storm Trigger — 2026-04-08 12:00:02
============================================================
🔍 Checking NWS alerts...
  Found 0 hail detections from NWS
🔍 Checking HailScore API...
  Found 0 hail detections from HailScore

✅ No qualifying hail events detected. All clear.
🌩️  Storm Trigger — 2026-04-08 12:30:03
============================================================
🔍 Checking NWS alerts...
  Found 0 hail detections from NWS
🔍 Checking HailScore API...
  Found 0 hail detections from HailScore

✅ No qualifying hail events detected. All clear.
🌩️  Storm Trigger — 2026-04-08 13:00:01
============================================================
🔍 Checking NWS alerts...
  Found 0 hail detections from NWS
🔍 Checking HailScore API...
  Found 0 hail detections from HailScore

✅ No qualifying hail events detected. All clear.
🌩️  Storm Trigger — 2026-04-08 13:30:03
============================================================
🔍 Checking NWS alerts...
  Found 0 hail detections from NWS
🔍 Checking HailScore API...
⚠️  HailScore API error: HTTPSConnectionPool(host='www.myhailscore.com', port=443): Read timed out. (read timeout=15)
  Found 0 hail detections from HailScore

✅ No qualifying hail events detected. All clear.
🌩️  Storm Trigger — 2026-04-08 14:00:04
============================================================
🔍 Checking NWS alerts...
  Found 0 hail detections from NWS
🔍 Checking HailScore API...
  Found 0 hail detections from HailScore

✅ No qualifying hail events detected. All clear.
🌩️  Storm Trigger — 2026-04-08 14:30:02
============================================================
🔍 Checking NWS alerts...
  Found 0 hail detections from NWS
🔍 Checking HailScore API...
  Found 0 hail detections from HailScore

✅ No qualifying hail events detected. All clear.
🌩️  Storm Trigger — 2026-04-08 15:00:01
============================================================
🔍 Checking NWS alerts...
  Found 0 hail detections from NWS
🔍 Checking HailScore API...
⚠️  HailScore API error: HTTPSConnectionPool(host='www.myhailscore.com', port=443): Read timed out. (read timeout=15)
  Found 0 hail detections from HailScore

✅ No qualifying hail events detected. All clear.
🌩️  Storm Trigger — 2026-04-08 15:30:03
============================================================
🔍 Checking NWS alerts...
⚠️  NWS API error: HTTPSConnectionPool(host='api.weather.gov', port=443): Read timed out. (read timeout=15)
  Found 0 hail detections from NWS
🔍 Checking HailScore API...
  Found 0 hail detections from HailScore

✅ No qualifying hail events detected. All clear.
🌩️  Storm Trigger — 2026-04-08 16:00:03
============================================================
🔍 Checking NWS alerts...
  Found 0 hail detections from NWS
🔍 Checking HailScore API...
  Found 0 hail detections from HailScore

✅ No qualifying hail events detected. All clear.
🌩️  Storm Trigger — 2026-04-08 16:30:03
============================================================
🔍 Checking NWS alerts...
  Found 0 hail detections from NWS
🔍 Checking HailScore API...
  Found 0 hail detections from HailScore

✅ No qualifying hail events detected. All clear.
🌩️  Storm Trigger — 2026-04-08 17:00:02
============================================================
🔍 Checking NWS alerts...
  Found 0 hail detections from NWS
🔍 Checking HailScore API...
  Found 0 hail detections from HailScore

✅ No qualifying hail events detected. All clear.
🌩️  Storm Trigger — 2026-04-08 17:30:03
============================================================
🔍 Checking NWS alerts...
  Found 0 hail detections from NWS
🔍 Checking HailScore API...
  Found 0 hail detections from HailScore

✅ No qualifying hail events detected. All clear.
🌩️  Storm Trigger — 2026-04-08 18:00:04
============================================================
🔍 Checking NWS alerts...
  Found 0 hail detections from NWS
🔍 Checking HailScore API...
  Found 0 hail detections from HailScore

✅ No qualifying hail events detected. All clear.
🌩️  Storm Trigger — 2026-04-08 18:30:03
============================================================
🔍 Checking NWS alerts...
  Found 0 hail detections from NWS
🔍 Checking HailScore API...
  Found 0 hail detections from HailScore

✅ No qualifying hail events detected. All clear.
🌩️  Storm Trigger — 2026-04-08 19:00:03
============================================================
🔍 Checking NWS alerts...
  Found 0 hail detections from NWS
🔍 Checking HailScore API...
  Found 0 hail detections from HailScore

✅ No qualifying hail events detected. All clear.
🌩️  Storm Trigger — 2026-04-08 19:30:03
============================================================
🔍 Checking NWS alerts...
  Found 0 hail detections from NWS
🔍 Checking HailScore API...
  Found 0 hail detections from HailScore

✅ No qualifying hail events detected. All clear.
🌩️  Storm Trigger — 2026-04-08 20:00:03
============================================================
🔍 Checking NWS alerts...
  Found 0 hail detections from NWS
🔍 Checking HailScore API...
  Found 0 hail detections from HailScore

✅ No qualifying hail events detected. All clear.
🌩️  Storm Trigger — 2026-04-08 20:30:03
============================================================
🔍 Checking NWS alerts...
  Found 0 hail detections from NWS
🔍 Checking HailScore API...
  Found 0 hail detections from HailScore

✅ No qualifying hail events detected. All clear.
🌩️  Storm Trigger — 2026-04-08 21:00:02
============================================================
🔍 Checking NWS alerts...
  Found 0 hail detections from NWS
🔍 Checking HailScore API...
  Found 0 hail detections from HailScore

✅ No qualifying hail events detected. All clear.
🌩️  Storm Trigger — 2026-04-08 21:30:02
============================================================
🔍 Checking NWS alerts...
  Found 0 hail detections from NWS
🔍 Checking HailScore API...
  Found 0 hail detections from HailScore

✅ No qualifying hail events detected. All clear.
🌩️  Storm Trigger — 2026-04-08 22:00:02
============================================================
🔍 Checking NWS alerts...
  Found 0 hail detections from NWS
🔍 Checking HailScore API...
  Found 0 hail detections from HailScore

✅ No qualifying hail events detected. All clear.
🌩️  Storm Trigger — 2026-04-08 22:30:01
============================================================
🔍 Checking NWS alerts...
  Found 0 hail detections from NWS
🔍 Checking HailScore API...
  Found 0 hail detections from HailScore

✅ No qualifying hail events detected. All clear.
🌩️  Storm Trigger — 2026-04-08 23:00:02
============================================================
🔍 Checking NWS alerts...
  Found 0 hail detections from NWS
🔍 Checking HailScore API...
  Found 0 hail detections from HailScore

✅ No qualifying hail events detected. All clear.
🌩️  Storm Trigger — 2026-04-08 23:30:02
============================================================
🔍 Checking NWS alerts...
  Found 0 hail detections from NWS
🔍 Checking HailScore API...
  Found 0 hail detections from HailScore

✅ No qualifying hail events detected. All clear.
🌩️  Storm Trigger — 2026-04-09 06:00:04
============================================================
🔍 Checking NWS alerts...
  Found 0 hail detections from NWS
🔍 Checking HailScore API...
⚠️  HailScore API error: HTTPSConnectionPool(host='www.myhailscore.com', port=443): Read timed out. (read timeout=15)
  Found 0 hail detections from HailScore

✅ No qualifying hail events detected. All clear.
🌩️  Storm Trigger — 2026-04-09 06:30:03
============================================================
🔍 Checking NWS alerts...
  Found 0 hail detections from NWS
🔍 Checking HailScore API...
  Found 0 hail detections from HailScore

✅ No qualifying hail events detected. All clear.
🌩️  Storm Trigger — 2026-04-09 07:00:04
============================================================
🔍 Checking NWS alerts...
  Found 0 hail detections from NWS
🔍 Checking HailScore API...
  Found 0 hail detections from HailScore

✅ No qualifying hail events detected. All clear.
🌩️  Storm Trigger — 2026-04-09 07:30:02
============================================================
🔍 Checking NWS alerts...
  Found 0 hail detections from NWS
🔍 Checking HailScore API...
  Found 0 hail detections from HailScore

✅ No qualifying hail events detected. All clear.
🌩️  Storm Trigger — 2026-04-09 08:00:02
============================================================
🔍 Checking NWS alerts...
  Found 0 hail detections from NWS
🔍 Checking HailScore API...
  Found 0 hail detections from HailScore

✅ No qualifying hail events detected. All clear.
🌩️  Storm Trigger — 2026-04-09 08:30:01
============================================================
🔍 Checking NWS alerts...
  Found 0 hail detections from NWS
🔍 Checking HailScore API...
  Found 0 hail detections from HailScore

✅ No qualifying hail events detected. All clear.
🌩️  Storm Trigger — 2026-04-09 09:00:02
============================================================
🔍 Checking NWS alerts...
  Found 0 hail detections from NWS
🔍 Checking HailScore API...
  Found 0 hail detections from HailScore

✅ No qualifying hail events detected. All clear.
