=== Mon Mar 30 13:21:10 MDT 2026 ===
🌩️  Storm Trigger — 2026-03-30 13:21:11
============================================================
🔍 Checking NWS alerts...
  Found 0 hail detections from NWS
🔍 Checking HailScore API...
  Found 0 hail detections from HailScore

✅ No qualifying hail events detected. All clear.
=== Mon Mar 30 13:51:13 MDT 2026 ===
🌩️  Storm Trigger — 2026-03-30 13:51:14
============================================================
🔍 Checking NWS alerts...
  Found 0 hail detections from NWS
🔍 Checking HailScore API...
  Found 0 hail detections from HailScore

✅ No qualifying hail events detected. All clear.
=== Mon Mar 30 14:21:20 MDT 2026 ===
🌩️  Storm Trigger — 2026-03-30 14:21:20
============================================================
🔍 Checking NWS alerts...
  Found 0 hail detections from NWS
🔍 Checking HailScore API...
  Found 0 hail detections from HailScore

✅ No qualifying hail events detected. All clear.
=== Mon Mar 30 14:51:26 MDT 2026 ===
🌩️  Storm Trigger — 2026-03-30 14:51:26
============================================================
🔍 Checking NWS alerts...
  Found 0 hail detections from NWS
🔍 Checking HailScore API...
  Found 0 hail detections from HailScore

✅ No qualifying hail events detected. All clear.
=== Mon Mar 30 15:21:29 MDT 2026 ===
🌩️  Storm Trigger — 2026-03-30 15:21:29
============================================================
🔍 Checking NWS alerts...
  Found 0 hail detections from NWS
🔍 Checking HailScore API...
  Found 0 hail detections from HailScore

✅ No qualifying hail events detected. All clear.
=== Mon Mar 30 15:51:43 MDT 2026 ===
🌩️  Storm Trigger — 2026-03-30 15:51:44
============================================================
🔍 Checking NWS alerts...
  Found 0 hail detections from NWS
🔍 Checking HailScore API...
  Found 0 hail detections from HailScore

✅ No qualifying hail events detected. All clear.
=== Mon Mar 30 16:21:47 MDT 2026 ===
🌩️  Storm Trigger — 2026-03-30 16:21:48
============================================================
🔍 Checking NWS alerts...
  Found 0 hail detections from NWS
🔍 Checking HailScore API...
  Found 0 hail detections from HailScore

✅ No qualifying hail events detected. All clear.
=== Mon Mar 30 16:51:51 MDT 2026 ===
🌩️  Storm Trigger — 2026-03-30 16:51:51
============================================================
🔍 Checking NWS alerts...
  Found 0 hail detections from NWS
🔍 Checking HailScore API...
  Found 0 hail detections from HailScore

✅ No qualifying hail events detected. All clear.
=== Mon Mar 30 17:21:54 MDT 2026 ===
🌩️  Storm Trigger — 2026-03-30 17:21:55
============================================================
🔍 Checking NWS alerts...
  Found 0 hail detections from NWS
🔍 Checking HailScore API...
  Found 0 hail detections from HailScore

✅ No qualifying hail events detected. All clear.
=== Mon Mar 30 17:51:57 MDT 2026 ===
🌩️  Storm Trigger — 2026-03-30 17:51:57
============================================================
🔍 Checking NWS alerts...
  Found 0 hail detections from NWS
🔍 Checking HailScore API...
  Found 0 hail detections from HailScore

✅ No qualifying hail events detected. All clear.
=== Mon Mar 30 18:22:00 MDT 2026 ===
🌩️  Storm Trigger — 2026-03-30 18:22:00
============================================================
🔍 Checking NWS alerts...
  Found 0 hail detections from NWS
🔍 Checking HailScore API...
  Found 0 hail detections from HailScore

✅ No qualifying hail events detected. All clear.
=== Mon Mar 30 18:52:03 MDT 2026 ===
🌩️  Storm Trigger — 2026-03-30 18:52:04
============================================================
🔍 Checking NWS alerts...
  Found 0 hail detections from NWS
🔍 Checking HailScore API...
  Found 0 hail detections from HailScore

✅ No qualifying hail events detected. All clear.
=== Mon Mar 30 19:22:06 MDT 2026 ===
🌩️  Storm Trigger — 2026-03-30 19:22:06
============================================================
🔍 Checking NWS alerts...
  Found 0 hail detections from NWS
🔍 Checking HailScore API...
  Found 0 hail detections from HailScore

✅ No qualifying hail events detected. All clear.
=== Mon Mar 30 19:52:09 MDT 2026 ===
🌩️  Storm Trigger — 2026-03-30 19:52:09
============================================================
🔍 Checking NWS alerts...
  Found 0 hail detections from NWS
🔍 Checking HailScore API...
⚠️  HailScore API error: 500 Server Error: Internal Server Error for url: https://www.myhailscore.com/api/storm-alerts/check
  Found 0 hail detections from HailScore

✅ No qualifying hail events detected. All clear.
=== Mon Mar 30 20:22:11 MDT 2026 ===
🌩️  Storm Trigger — 2026-03-30 20:22:12
============================================================
🔍 Checking NWS alerts...
  Found 0 hail detections from NWS
🔍 Checking HailScore API...
⚠️  HailScore API error: 500 Server Error: Internal Server Error for url: https://www.myhailscore.com/api/storm-alerts/check
  Found 0 hail detections from HailScore

✅ No qualifying hail events detected. All clear.
=== Mon Mar 30 20:52:14 MDT 2026 ===
🌩️  Storm Trigger — 2026-03-30 20:52:14
============================================================
🔍 Checking NWS alerts...
  Found 0 hail detections from NWS
🔍 Checking HailScore API...
⚠️  HailScore API error: 500 Server Error: Internal Server Error for url: https://www.myhailscore.com/api/storm-alerts/check
  Found 0 hail detections from HailScore

✅ No qualifying hail events detected. All clear.
=== Mon Mar 30 21:22:20 MDT 2026 ===
🌩️  Storm Trigger — 2026-03-30 21:22:20
============================================================
🔍 Checking NWS alerts...
  Found 0 hail detections from NWS
🔍 Checking HailScore API...
⚠️  HailScore API error: 500 Server Error: Internal Server Error for url: https://www.myhailscore.com/api/storm-alerts/check
  Found 0 hail detections from HailScore

✅ No qualifying hail events detected. All clear.
=== Mon Mar 30 21:52:23 MDT 2026 ===
🌩️  Storm Trigger — 2026-03-30 21:52:23
============================================================
🔍 Checking NWS alerts...
  Found 0 hail detections from NWS
🔍 Checking HailScore API...
⚠️  HailScore API error: 500 Server Error: Internal Server Error for url: https://www.myhailscore.com/api/storm-alerts/check
  Found 0 hail detections from HailScore

✅ No qualifying hail events detected. All clear.
=== Mon Mar 30 22:22:26 MDT 2026 ===
🌩️  Storm Trigger — 2026-03-30 22:22:26
============================================================
🔍 Checking NWS alerts...
  Found 0 hail detections from NWS
🔍 Checking HailScore API...
⚠️  HailScore API error: 500 Server Error: Internal Server Error for url: https://www.myhailscore.com/api/storm-alerts/check
  Found 0 hail detections from HailScore

✅ No qualifying hail events detected. All clear.
=== Mon Mar 30 22:52:28 MDT 2026 ===
🌩️  Storm Trigger — 2026-03-30 22:52:29
============================================================
🔍 Checking NWS alerts...
  Found 0 hail detections from NWS
🔍 Checking HailScore API...
⚠️  HailScore API error: 500 Server Error: Internal Server Error for url: https://www.myhailscore.com/api/storm-alerts/check
  Found 0 hail detections from HailScore

✅ No qualifying hail events detected. All clear.
=== Mon Mar 30 23:22:31 MDT 2026 ===
🌩️  Storm Trigger — 2026-03-30 23:22:31
============================================================
🔍 Checking NWS alerts...
  Found 0 hail detections from NWS
🔍 Checking HailScore API...
  Found 0 hail detections from HailScore

✅ No qualifying hail events detected. All clear.
=== Mon Mar 30 23:52:34 MDT 2026 ===
🌩️  Storm Trigger — 2026-03-30 23:52:34
============================================================
🔍 Checking NWS alerts...
  Found 0 hail detections from NWS
🔍 Checking HailScore API...
⚠️  HailScore API error: 500 Server Error: Internal Server Error for url: https://www.myhailscore.com/api/storm-alerts/check
  Found 0 hail detections from HailScore

✅ No qualifying hail events detected. All clear.
=== Tue Mar 31 00:22:37 MDT 2026 ===
🌩️  Storm Trigger — 2026-03-31 00:22:37
============================================================
🔍 Checking NWS alerts...
  Found 0 hail detections from NWS
🔍 Checking HailScore API...
⚠️  HailScore API error: 500 Server Error: Internal Server Error for url: https://www.myhailscore.com/api/storm-alerts/check
  Found 0 hail detections from HailScore

✅ No qualifying hail events detected. All clear.
=== Tue Mar 31 00:52:39 MDT 2026 ===
🌩️  Storm Trigger — 2026-03-31 00:52:40
============================================================
🔍 Checking NWS alerts...
  Found 0 hail detections from NWS
🔍 Checking HailScore API...
⚠️  HailScore API error: 500 Server Error: Internal Server Error for url: https://www.myhailscore.com/api/storm-alerts/check
  Found 0 hail detections from HailScore

✅ No qualifying hail events detected. All clear.
=== Tue Mar 31 01:22:43 MDT 2026 ===
🌩️  Storm Trigger — 2026-03-31 01:22:44
============================================================
🔍 Checking NWS alerts...
  Found 0 hail detections from NWS
🔍 Checking HailScore API...
⚠️  HailScore API error: 500 Server Error: Internal Server Error for url: https://www.myhailscore.com/api/storm-alerts/check
  Found 0 hail detections from HailScore

✅ No qualifying hail events detected. All clear.
=== Tue Mar 31 01:52:47 MDT 2026 ===
🌩️  Storm Trigger — 2026-03-31 01:52:47
============================================================
🔍 Checking NWS alerts...
  Found 0 hail detections from NWS
🔍 Checking HailScore API...
⚠️  HailScore API error: 500 Server Error: Internal Server Error for url: https://www.myhailscore.com/api/storm-alerts/check
  Found 0 hail detections from HailScore

✅ No qualifying hail events detected. All clear.
=== Tue Mar 31 02:22:50 MDT 2026 ===
🌩️  Storm Trigger — 2026-03-31 02:22:50
============================================================
🔍 Checking NWS alerts...
  Found 0 hail detections from NWS
🔍 Checking HailScore API...
⚠️  HailScore API error: 500 Server Error: Internal Server Error for url: https://www.myhailscore.com/api/storm-alerts/check
  Found 0 hail detections from HailScore

✅ No qualifying hail events detected. All clear.
=== Tue Mar 31 02:52:53 MDT 2026 ===
🌩️  Storm Trigger — 2026-03-31 02:52:53
============================================================
🔍 Checking NWS alerts...
  Found 0 hail detections from NWS
🔍 Checking HailScore API...
⚠️  HailScore API error: 500 Server Error: Internal Server Error for url: https://www.myhailscore.com/api/storm-alerts/check
  Found 0 hail detections from HailScore

✅ No qualifying hail events detected. All clear.
=== Tue Mar 31 03:22:56 MDT 2026 ===
🌩️  Storm Trigger — 2026-03-31 03:22:57
============================================================
🔍 Checking NWS alerts...
  Found 0 hail detections from NWS
🔍 Checking HailScore API...
⚠️  HailScore API error: 500 Server Error: Internal Server Error for url: https://www.myhailscore.com/api/storm-alerts/check
  Found 0 hail detections from HailScore

✅ No qualifying hail events detected. All clear.
=== Tue Mar 31 03:52:59 MDT 2026 ===
🌩️  Storm Trigger — 2026-03-31 03:52:59
============================================================
🔍 Checking NWS alerts...
  Found 0 hail detections from NWS
🔍 Checking HailScore API...
  Found 0 hail detections from HailScore

✅ No qualifying hail events detected. All clear.
=== Tue Mar 31 04:23:02 MDT 2026 ===
🌩️  Storm Trigger — 2026-03-31 04:23:02
============================================================
🔍 Checking NWS alerts...
  Found 0 hail detections from NWS
🔍 Checking HailScore API...
⚠️  HailScore API error: 500 Server Error: Internal Server Error for url: https://www.myhailscore.com/api/storm-alerts/check
  Found 0 hail detections from HailScore

✅ No qualifying hail events detected. All clear.
=== Tue Mar 31 04:53:05 MDT 2026 ===
🌩️  Storm Trigger — 2026-03-31 04:53:05
============================================================
🔍 Checking NWS alerts...
  Found 0 hail detections from NWS
🔍 Checking HailScore API...
⚠️  HailScore API error: 500 Server Error: Internal Server Error for url: https://www.myhailscore.com/api/storm-alerts/check
  Found 0 hail detections from HailScore

✅ No qualifying hail events detected. All clear.
=== Tue Mar 31 05:23:07 MDT 2026 ===
🌩️  Storm Trigger — 2026-03-31 05:23:08
============================================================
🔍 Checking NWS alerts...
  Found 0 hail detections from NWS
🔍 Checking HailScore API...
⚠️  HailScore API error: 500 Server Error: Internal Server Error for url: https://www.myhailscore.com/api/storm-alerts/check
  Found 0 hail detections from HailScore

✅ No qualifying hail events detected. All clear.
=== Tue Mar 31 05:53:10 MDT 2026 ===
🌩️  Storm Trigger — 2026-03-31 05:53:10
============================================================
🔍 Checking NWS alerts...
  Found 0 hail detections from NWS
🔍 Checking HailScore API...
⚠️  HailScore API error: 500 Server Error: Internal Server Error for url: https://www.myhailscore.com/api/storm-alerts/check
  Found 0 hail detections from HailScore

✅ No qualifying hail events detected. All clear.
=== Tue Mar 31 06:23:13 MDT 2026 ===
🌩️  Storm Trigger — 2026-03-31 06:23:13
============================================================
🔍 Checking NWS alerts...
  Found 0 hail detections from NWS
🔍 Checking HailScore API...
⚠️  HailScore API error: 500 Server Error: Internal Server Error for url: https://www.myhailscore.com/api/storm-alerts/check
  Found 0 hail detections from HailScore

✅ No qualifying hail events detected. All clear.
=== Tue Mar 31 06:53:15 MDT 2026 ===
🌩️  Storm Trigger — 2026-03-31 06:53:16
============================================================
🔍 Checking NWS alerts...
  Found 0 hail detections from NWS
🔍 Checking HailScore API...
⚠️  HailScore API error: 500 Server Error: Internal Server Error for url: https://www.myhailscore.com/api/storm-alerts/check
  Found 0 hail detections from HailScore

✅ No qualifying hail events detected. All clear.
=== Tue Mar 31 07:23:18 MDT 2026 ===
🌩️  Storm Trigger — 2026-03-31 07:23:18
============================================================
🔍 Checking NWS alerts...
  Found 0 hail detections from NWS
🔍 Checking HailScore API...
⚠️  HailScore API error: 500 Server Error: Internal Server Error for url: https://www.myhailscore.com/api/storm-alerts/check
  Found 0 hail detections from HailScore

✅ No qualifying hail events detected. All clear.
=== Tue Mar 31 07:53:21 MDT 2026 ===
🌩️  Storm Trigger — 2026-03-31 07:53:22
============================================================
🔍 Checking NWS alerts...
  Found 0 hail detections from NWS
🔍 Checking HailScore API...
⚠️  HailScore API error: 500 Server Error: Internal Server Error for url: https://www.myhailscore.com/api/storm-alerts/check
  Found 0 hail detections from HailScore

✅ No qualifying hail events detected. All clear.
=== Tue Mar 31 08:23:24 MDT 2026 ===
🌩️  Storm Trigger — 2026-03-31 08:23:24
============================================================
🔍 Checking NWS alerts...
  Found 0 hail detections from NWS
🔍 Checking HailScore API...
⚠️  HailScore API error: 500 Server Error: Internal Server Error for url: https://www.myhailscore.com/api/storm-alerts/check
  Found 0 hail detections from HailScore

✅ No qualifying hail events detected. All clear.
=== Tue Mar 31 08:53:27 MDT 2026 ===
🌩️  Storm Trigger — 2026-03-31 08:53:27
============================================================
🔍 Checking NWS alerts...
  Found 0 hail detections from NWS
🔍 Checking HailScore API...
⚠️  HailScore API error: 500 Server Error: Internal Server Error for url: https://www.myhailscore.com/api/storm-alerts/check
  Found 0 hail detections from HailScore

✅ No qualifying hail events detected. All clear.
=== Tue Mar 31 09:23:30 MDT 2026 ===
🌩️  Storm Trigger — 2026-03-31 09:23:30
============================================================
🔍 Checking NWS alerts...
  Found 0 hail detections from NWS
🔍 Checking HailScore API...
⚠️  HailScore API error: 500 Server Error: Internal Server Error for url: https://www.myhailscore.com/api/storm-alerts/check
  Found 0 hail detections from HailScore

✅ No qualifying hail events detected. All clear.
=== Tue Mar 31 09:53:33 MDT 2026 ===
🌩️  Storm Trigger — 2026-03-31 09:53:33
============================================================
🔍 Checking NWS alerts...
  Found 0 hail detections from NWS
🔍 Checking HailScore API...
⚠️  HailScore API error: 500 Server Error: Internal Server Error for url: https://www.myhailscore.com/api/storm-alerts/check
  Found 0 hail detections from HailScore

✅ No qualifying hail events detected. All clear.
=== Tue Mar 31 10:23:36 MDT 2026 ===
🌩️  Storm Trigger — 2026-03-31 10:23:36
============================================================
🔍 Checking NWS alerts...
  Found 0 hail detections from NWS
🔍 Checking HailScore API...
⚠️  HailScore API error: 500 Server Error: Internal Server Error for url: https://www.myhailscore.com/api/storm-alerts/check
  Found 0 hail detections from HailScore

✅ No qualifying hail events detected. All clear.
=== Tue Mar 31 10:53:39 MDT 2026 ===
🌩️  Storm Trigger — 2026-03-31 10:53:39
============================================================
🔍 Checking NWS alerts...
  Found 0 hail detections from NWS
🔍 Checking HailScore API...
⚠️  HailScore API error: 500 Server Error: Internal Server Error for url: https://www.myhailscore.com/api/storm-alerts/check
  Found 0 hail detections from HailScore

✅ No qualifying hail events detected. All clear.
=== Tue Mar 31 11:23:43 MDT 2026 ===
🌩️  Storm Trigger — 2026-03-31 11:23:43
============================================================
🔍 Checking NWS alerts...
  Found 0 hail detections from NWS
🔍 Checking HailScore API...
⚠️  HailScore API error: 500 Server Error: Internal Server Error for url: https://www.myhailscore.com/api/storm-alerts/check
  Found 0 hail detections from HailScore

✅ No qualifying hail events detected. All clear.
=== Tue Mar 31 11:53:46 MDT 2026 ===
🌩️  Storm Trigger — 2026-03-31 11:53:47
============================================================
🔍 Checking NWS alerts...
  Found 0 hail detections from NWS
🔍 Checking HailScore API...
⚠️  HailScore API error: 500 Server Error: Internal Server Error for url: https://www.myhailscore.com/api/storm-alerts/check
  Found 0 hail detections from HailScore

✅ No qualifying hail events detected. All clear.
=== Tue Mar 31 17:30:17 MDT 2026 ===
🌩️  Storm Trigger — 2026-03-31 17:30:17
============================================================
🔍 Checking NWS alerts...
  Found 0 hail detections from NWS
🔍 Checking HailScore API...
⚠️  HailScore API error: 500 Server Error: Internal Server Error for url: https://www.myhailscore.com/api/storm-alerts/check
  Found 0 hail detections from HailScore

✅ No qualifying hail events detected. All clear.
=== Tue Mar 31 18:00:18 MDT 2026 ===
🌩️  Storm Trigger — 2026-03-31 18:00:19
============================================================
🔍 Checking NWS alerts...
  Found 0 hail detections from NWS
🔍 Checking HailScore API...
⚠️  HailScore API error: 500 Server Error: Internal Server Error for url: https://www.myhailscore.com/api/storm-alerts/check
  Found 0 hail detections from HailScore

✅ No qualifying hail events detected. All clear.
=== Tue Mar 31 18:30:19 MDT 2026 ===
🌩️  Storm Trigger — 2026-03-31 18:30:20
============================================================
🔍 Checking NWS alerts...
  Found 0 hail detections from NWS
🔍 Checking HailScore API...
⚠️  HailScore API error: 500 Server Error: Internal Server Error for url: https://www.myhailscore.com/api/storm-alerts/check
  Found 0 hail detections from HailScore

✅ No qualifying hail events detected. All clear.
=== Tue Mar 31 19:00:20 MDT 2026 ===
🌩️  Storm Trigger — 2026-03-31 19:00:20
============================================================
🔍 Checking NWS alerts...
  Found 0 hail detections from NWS
🔍 Checking HailScore API...
⚠️  HailScore API error: 500 Server Error: Internal Server Error for url: https://www.myhailscore.com/api/storm-alerts/check
  Found 0 hail detections from HailScore

✅ No qualifying hail events detected. All clear.
=== Tue Mar 31 19:30:21 MDT 2026 ===
🌩️  Storm Trigger — 2026-03-31 19:30:21
============================================================
🔍 Checking NWS alerts...
  Found 0 hail detections from NWS
🔍 Checking HailScore API...
⚠️  HailScore API error: 500 Server Error: Internal Server Error for url: https://www.myhailscore.com/api/storm-alerts/check
  Found 0 hail detections from HailScore

✅ No qualifying hail events detected. All clear.
=== Tue Mar 31 20:00:22 MDT 2026 ===
🌩️  Storm Trigger — 2026-03-31 20:00:22
============================================================
🔍 Checking NWS alerts...
  Found 0 hail detections from NWS
🔍 Checking HailScore API...
⚠️  HailScore API error: 500 Server Error: Internal Server Error for url: https://www.myhailscore.com/api/storm-alerts/check
  Found 0 hail detections from HailScore

✅ No qualifying hail events detected. All clear.
=== Tue Mar 31 20:30:25 MDT 2026 ===
🌩️  Storm Trigger — 2026-03-31 20:30:25
============================================================
🔍 Checking NWS alerts...
  Found 0 hail detections from NWS
🔍 Checking HailScore API...
⚠️  HailScore API error: 500 Server Error: Internal Server Error for url: https://www.myhailscore.com/api/storm-alerts/check
  Found 0 hail detections from HailScore

✅ No qualifying hail events detected. All clear.
=== Tue Mar 31 21:00:25 MDT 2026 ===
🌩️  Storm Trigger — 2026-03-31 21:00:26
============================================================
🔍 Checking NWS alerts...
  Found 0 hail detections from NWS
🔍 Checking HailScore API...
⚠️  HailScore API error: 500 Server Error: Internal Server Error for url: https://www.myhailscore.com/api/storm-alerts/check
  Found 0 hail detections from HailScore

✅ No qualifying hail events detected. All clear.
=== Tue Mar 31 21:30:26 MDT 2026 ===
🌩️  Storm Trigger — 2026-03-31 21:30:27
============================================================
🔍 Checking NWS alerts...
  Found 0 hail detections from NWS
🔍 Checking HailScore API...
⚠️  HailScore API error: 500 Server Error: Internal Server Error for url: https://www.myhailscore.com/api/storm-alerts/check
  Found 0 hail detections from HailScore

✅ No qualifying hail events detected. All clear.
=== Tue Mar 31 22:00:27 MDT 2026 ===
🌩️  Storm Trigger — 2026-03-31 22:00:28
============================================================
🔍 Checking NWS alerts...
  Found 0 hail detections from NWS
🔍 Checking HailScore API...
⚠️  HailScore API error: 500 Server Error: Internal Server Error for url: https://www.myhailscore.com/api/storm-alerts/check
  Found 0 hail detections from HailScore

✅ No qualifying hail events detected. All clear.
=== Tue Mar 31 22:30:28 MDT 2026 ===
🌩️  Storm Trigger — 2026-03-31 22:30:28
============================================================
🔍 Checking NWS alerts...
  Found 0 hail detections from NWS
🔍 Checking HailScore API...
⚠️  HailScore API error: 500 Server Error: Internal Server Error for url: https://www.myhailscore.com/api/storm-alerts/check
  Found 0 hail detections from HailScore

✅ No qualifying hail events detected. All clear.
=== Tue Mar 31 23:00:29 MDT 2026 ===
🌩️  Storm Trigger — 2026-03-31 23:00:29
============================================================
🔍 Checking NWS alerts...
  Found 0 hail detections from NWS
🔍 Checking HailScore API...
⚠️  HailScore API error: 500 Server Error: Internal Server Error for url: https://www.myhailscore.com/api/storm-alerts/check
  Found 0 hail detections from HailScore

✅ No qualifying hail events detected. All clear.
=== Tue Mar 31 23:30:30 MDT 2026 ===
🌩️  Storm Trigger — 2026-03-31 23:30:30
============================================================
🔍 Checking NWS alerts...
  Found 0 hail detections from NWS
🔍 Checking HailScore API...
⚠️  HailScore API error: 500 Server Error: Internal Server Error for url: https://www.myhailscore.com/api/storm-alerts/check
  Found 0 hail detections from HailScore

✅ No qualifying hail events detected. All clear.
=== Wed Apr  1 00:00:31 MDT 2026 ===
🌩️  Storm Trigger — 2026-04-01 00:00:31
============================================================
🔍 Checking NWS alerts...
  Found 0 hail detections from NWS
🔍 Checking HailScore API...
⚠️  HailScore API error: HTTPSConnectionPool(host='www.myhailscore.com', port=443): Read timed out. (read timeout=15)
  Found 0 hail detections from HailScore

✅ No qualifying hail events detected. All clear.
=== Wed Apr  1 00:30:46 MDT 2026 ===
🌩️  Storm Trigger — 2026-04-01 00:30:47
============================================================
🔍 Checking NWS alerts...
  Found 0 hail detections from NWS
🔍 Checking HailScore API...
⚠️  HailScore API error: 500 Server Error: Internal Server Error for url: https://www.myhailscore.com/api/storm-alerts/check
  Found 0 hail detections from HailScore

✅ No qualifying hail events detected. All clear.
=== Wed Apr  1 01:00:48 MDT 2026 ===
🌩️  Storm Trigger — 2026-04-01 01:00:48
============================================================
🔍 Checking NWS alerts...
  Found 0 hail detections from NWS
🔍 Checking HailScore API...
⚠️  HailScore API error: 500 Server Error: Internal Server Error for url: https://www.myhailscore.com/api/storm-alerts/check
  Found 0 hail detections from HailScore

✅ No qualifying hail events detected. All clear.
=== Wed Apr  1 01:30:50 MDT 2026 ===
🌩️  Storm Trigger — 2026-04-01 01:30:50
============================================================
🔍 Checking NWS alerts...
  Found 0 hail detections from NWS
🔍 Checking HailScore API...
⚠️  HailScore API error: 500 Server Error: Internal Server Error for url: https://www.myhailscore.com/api/storm-alerts/check
  Found 0 hail detections from HailScore

✅ No qualifying hail events detected. All clear.
=== Wed Apr  1 02:00:51 MDT 2026 ===
🌩️  Storm Trigger — 2026-04-01 02:00:51
============================================================
🔍 Checking NWS alerts...
  Found 0 hail detections from NWS
🔍 Checking HailScore API...
⚠️  HailScore API error: 500 Server Error: Internal Server Error for url: https://www.myhailscore.com/api/storm-alerts/check
  Found 0 hail detections from HailScore

✅ No qualifying hail events detected. All clear.
=== Wed Apr  1 02:30:52 MDT 2026 ===
🌩️  Storm Trigger — 2026-04-01 02:30:53
============================================================
🔍 Checking NWS alerts...
  Found 0 hail detections from NWS
🔍 Checking HailScore API...
⚠️  HailScore API error: 500 Server Error: Internal Server Error for url: https://www.myhailscore.com/api/storm-alerts/check
  Found 0 hail detections from HailScore

✅ No qualifying hail events detected. All clear.
=== Wed Apr  1 03:00:54 MDT 2026 ===
🌩️  Storm Trigger — 2026-04-01 03:00:54
============================================================
🔍 Checking NWS alerts...
  Found 0 hail detections from NWS
🔍 Checking HailScore API...
⚠️  HailScore API error: 500 Server Error: Internal Server Error for url: https://www.myhailscore.com/api/storm-alerts/check
  Found 0 hail detections from HailScore

✅ No qualifying hail events detected. All clear.
=== Wed Apr  1 03:30:57 MDT 2026 ===
🌩️  Storm Trigger — 2026-04-01 03:30:57
============================================================
🔍 Checking NWS alerts...
  Found 0 hail detections from NWS
🔍 Checking HailScore API...
⚠️  HailScore API error: 500 Server Error: Internal Server Error for url: https://www.myhailscore.com/api/storm-alerts/check
  Found 0 hail detections from HailScore

✅ No qualifying hail events detected. All clear.
=== Wed Apr  1 04:00:59 MDT 2026 ===
🌩️  Storm Trigger — 2026-04-01 04:00:59
============================================================
🔍 Checking NWS alerts...
  Found 0 hail detections from NWS
🔍 Checking HailScore API...
⚠️  HailScore API error: 500 Server Error: Internal Server Error for url: https://www.myhailscore.com/api/storm-alerts/check
  Found 0 hail detections from HailScore

✅ No qualifying hail events detected. All clear.
=== Wed Apr  1 04:31:01 MDT 2026 ===
🌩️  Storm Trigger — 2026-04-01 04:31:01
============================================================
🔍 Checking NWS alerts...
  Found 0 hail detections from NWS
🔍 Checking HailScore API...
⚠️  HailScore API error: 500 Server Error: Internal Server Error for url: https://www.myhailscore.com/api/storm-alerts/check
  Found 0 hail detections from HailScore

✅ No qualifying hail events detected. All clear.
=== Wed Apr  1 05:01:02 MDT 2026 ===
🌩️  Storm Trigger — 2026-04-01 05:01:02
============================================================
🔍 Checking NWS alerts...
  Found 0 hail detections from NWS
🔍 Checking HailScore API...
⚠️  HailScore API error: 500 Server Error: Internal Server Error for url: https://www.myhailscore.com/api/storm-alerts/check
  Found 0 hail detections from HailScore

✅ No qualifying hail events detected. All clear.
=== Wed Apr  1 05:31:07 MDT 2026 ===
🌩️  Storm Trigger — 2026-04-01 05:31:08
============================================================
🔍 Checking NWS alerts...
  Found 0 hail detections from NWS
🔍 Checking HailScore API...
⚠️  HailScore API error: 500 Server Error: Internal Server Error for url: https://www.myhailscore.com/api/storm-alerts/check
  Found 0 hail detections from HailScore

✅ No qualifying hail events detected. All clear.
=== Wed Apr  1 06:01:08 MDT 2026 ===
🌩️  Storm Trigger — 2026-04-01 06:01:09
============================================================
🔍 Checking NWS alerts...
  Found 0 hail detections from NWS
🔍 Checking HailScore API...
⚠️  HailScore API error: 500 Server Error: Internal Server Error for url: https://www.myhailscore.com/api/storm-alerts/check
  Found 0 hail detections from HailScore

✅ No qualifying hail events detected. All clear.
=== Wed Apr  1 08:08:17 MDT 2026 ===
🌩️  Storm Trigger — 2026-04-01 08:08:17
============================================================
🔍 Checking NWS alerts...
  Found 0 hail detections from NWS
🔍 Checking HailScore API...
  Found 0 hail detections from HailScore

✅ No qualifying hail events detected. All clear.
=== Wed Apr  1 08:38:20 MDT 2026 ===
🌩️  Storm Trigger — 2026-04-01 08:38:20
============================================================
🔍 Checking NWS alerts...
  Found 0 hail detections from NWS
🔍 Checking HailScore API...
  Found 0 hail detections from HailScore

✅ No qualifying hail events detected. All clear.
=== Wed Apr  1 09:08:24 MDT 2026 ===
🌩️  Storm Trigger — 2026-04-01 09:08:25
============================================================
🔍 Checking NWS alerts...
  Found 0 hail detections from NWS
🔍 Checking HailScore API...
  Found 0 hail detections from HailScore

✅ No qualifying hail events detected. All clear.
=== Wed Apr  1 09:38:28 MDT 2026 ===
🌩️  Storm Trigger — 2026-04-01 09:38:28
============================================================
🔍 Checking NWS alerts...
  Found 0 hail detections from NWS
🔍 Checking HailScore API...
  Found 0 hail detections from HailScore

✅ No qualifying hail events detected. All clear.
=== Wed Apr  1 10:08:31 MDT 2026 ===
🌩️  Storm Trigger — 2026-04-01 10:08:32
============================================================
🔍 Checking NWS alerts...
  Found 0 hail detections from NWS
🔍 Checking HailScore API...
  Found 0 hail detections from HailScore

✅ No qualifying hail events detected. All clear.
=== Wed Apr  1 10:38:35 MDT 2026 ===
🌩️  Storm Trigger — 2026-04-01 10:38:36
============================================================
🔍 Checking NWS alerts...
  Found 0 hail detections from NWS
🔍 Checking HailScore API...
  Found 0 hail detections from HailScore

✅ No qualifying hail events detected. All clear.
=== Wed Apr  1 11:08:39 MDT 2026 ===
🌩️  Storm Trigger — 2026-04-01 11:08:40
============================================================
🔍 Checking NWS alerts...
  Found 0 hail detections from NWS
🔍 Checking HailScore API...
  Found 0 hail detections from HailScore

✅ No qualifying hail events detected. All clear.
=== Wed Apr  1 11:38:42 MDT 2026 ===
🌩️  Storm Trigger — 2026-04-01 11:38:42
============================================================
🔍 Checking NWS alerts...
  Found 0 hail detections from NWS
🔍 Checking HailScore API...
  Found 0 hail detections from HailScore

✅ No qualifying hail events detected. All clear.
=== Wed Apr  1 12:08:46 MDT 2026 ===
🌩️  Storm Trigger — 2026-04-01 12:08:47
============================================================
🔍 Checking NWS alerts...
  Found 0 hail detections from NWS
🔍 Checking HailScore API...
  Found 0 hail detections from HailScore

✅ No qualifying hail events detected. All clear.
=== Wed Apr  1 12:38:51 MDT 2026 ===
🌩️  Storm Trigger — 2026-04-01 12:38:51
============================================================
🔍 Checking NWS alerts...
  Found 0 hail detections from NWS
🔍 Checking HailScore API...
  Found 0 hail detections from HailScore

✅ No qualifying hail events detected. All clear.
=== Wed Apr  1 13:08:56 MDT 2026 ===
🌩️  Storm Trigger — 2026-04-01 13:08:56
============================================================
🔍 Checking NWS alerts...
  Found 0 hail detections from NWS
🔍 Checking HailScore API...
  Found 0 hail detections from HailScore

✅ No qualifying hail events detected. All clear.
=== Wed Apr  1 13:39:01 MDT 2026 ===
🌩️  Storm Trigger — 2026-04-01 13:39:02
============================================================
🔍 Checking NWS alerts...
  Found 0 hail detections from NWS
🔍 Checking HailScore API...
  Found 0 hail detections from HailScore

✅ No qualifying hail events detected. All clear.
